[2025-01-12 14:39:45.385] [Global] [info] [52040] [main.cpp:57] Log Level: trace
[2025-01-12 14:39:45.385] [Global] [info] [52040] [main.cpp:222] NOTE: This is not a crashlog. Crashlogs have the name crash-[TIMESTAMP].log
[2025-01-12 14:39:45.385] [Global] [info] [52040] [main.cpp:223] CrashLogger 1.14.1.0 May 18 2024 23:00:58 is loading...
[2025-01-12 14:39:45.385] [Global] [info] [52040] [CrashHandler.cpp:522] installed crash handlers
[2025-01-12 14:39:45.385] [Global] [info] [52040] [CrashHandler.cpp:525] Crash Logs will be written to C:\Users\HappyFaceSpider\Documents\My Games\Skyrim Special Edition\SKSE
[2025-01-12 14:39:45.385] [Global] [info] [52040] [main.cpp:230] CrashLogger has finished loading.
[2025-01-12 14:39:52.166] [Global] [info] [54724] [PdbHandler.cpp:182] Symcache not found at c:\symcache
[2025-01-12 14:39:52.166] [Global] [info] [54724] [PdbHandler.cpp:193] Attempting to find pdb for C:/WINDOWS/System32/KERNELBASE.dll+00C837A with path Data/SKSE/Plugins
[2025-01-12 14:39:52.166] [Global] [info] [54724] [PdbHandler.cpp:197] Failed to open pdb for dll C:/WINDOWS/System32/KERNELBASE.dll+00C837A	Unable to locate PDB
[2025-01-12 14:39:52.809] [Global] [info] [54724] [PdbHandler.cpp:147] Failed to initalize COM library for dll C:/WINDOWS/System32/KERNELBASE.dll+00C837A	Cannot change thread mode after it is set.
[2025-01-12 14:39:52.809] [Global] [info] [54724] [PdbHandler.cpp:147] Failed to initalize COM library for dll C:/WINDOWS/SYSTEM32/VCRUNTIME140.dll+0005267	Cannot change thread mode after it is set.
[2025-01-12 14:39:52.809] [Global] [info] [54724] [PdbHandler.cpp:147] Failed to initalize COM library for dll c:/program files (x86)/steam/steamapps/common/Skyrim Special Edition/Data/SKSE/Plugins/AchievementInjector.dll+0071DE8	Cannot change thread mode after it is set.
[2025-01-12 14:39:52.810] [Global] [info] [54724] [PdbHandler.cpp:193] Attempting to find pdb for c:/program files (x86)/steam/steamapps/common/Skyrim Special Edition/Data/SKSE/Plugins/AchievementInjector.dll+006BA41 with path Data/SKSE/Plugins
[2025-01-12 14:39:52.813] [Global] [info] [54724] [PdbHandler.cpp:207] Successfully opened pdb for dll c:/program files (x86)/steam/steamapps/common/Skyrim Special Edition/Data/SKSE/Plugins/AchievementInjector.dll+006BA41
[2025-01-12 14:39:52.819] [Global] [info] [54724] [PdbHandler.cpp:106] Symbol returning:  C:\Users\Simone\Documents\GitHub\Achievement Injector\build\vcpkg_installed\x64-windows-static-md\include\nlohmann\detail\input\parser.hpp:137 ?parse@?$parser@V?$basic_json@Vmap@std@@Vvector@2@V?$basic_string@DU?$char_traits@D@std@@V?$allocator@D@2@@2@_N_J_KNVallocator@2@Uadl_serializer@json_abi_v3_11_3@nlohmann@@V?$vector@EV?$allocator@E@std@@@2@X@json_abi_v3_11_3@nlohmann@@Vinput_stream_adapter@detail@23@@detail@json_abi_v3_11_3@nlohmann@@QEAAX_NAEAV?$basic_json@Vmap@std@@Vvector@2@V?$basic_string@DU?$char_traits@D@std@@V?$allocator@D@2@@2@_N_J_KNVallocator@2@Uadl_serializer@json_abi_v3_11_3@nlohmann@@V?$vector@EV?$allocator@E@std@@@2@X@34@@Z
[2025-01-12 14:39:52.819] [Global] [info] [54724] [PdbHandler.cpp:193] Attempting to find pdb for c:/program files (x86)/steam/steamapps/common/Skyrim Special Edition/Data/SKSE/Plugins/AchievementInjector.dll+00ADA9A with path Data/SKSE/Plugins
[2025-01-12 14:39:52.822] [Global] [info] [54724] [PdbHandler.cpp:207] Successfully opened pdb for dll c:/program files (x86)/steam/steamapps/common/Skyrim Special Edition/Data/SKSE/Plugins/AchievementInjector.dll+00ADA9A
[2025-01-12 14:39:52.827] [Global] [info] [54724] [PdbHandler.cpp:106] Symbol returning:  C:\Users\Simone\Documents\GitHub\Achievement Injector\src\Serializer.cpp:153 ?DeserializeAchievementData_GLOBAL@Serializer@@QEAA?AUSerializedAchievement@@V?$basic_string@DU?$char_traits@D@std@@V?$allocator@D@2@@std@@@Z
[2025-01-12 14:39:52.828] [Global] [info] [54724] [PdbHandler.cpp:193] Attempting to find pdb for c:/program files (x86)/steam/steamapps/common/Skyrim Special Edition/Data/SKSE/Plugins/AchievementInjector.dll+00ACC8F with path Data/SKSE/Plugins
[2025-01-12 14:39:52.830] [Global] [info] [54724] [PdbHandler.cpp:207] Successfully opened pdb for dll c:/program files (x86)/steam/steamapps/common/Skyrim Special Edition/Data/SKSE/Plugins/AchievementInjector.dll+00ACC8F
[2025-01-12 14:39:52.836] [Global] [info] [54724] [PdbHandler.cpp:106] Symbol returning:  C:\Users\Simone\Documents\GitHub\Achievement Injector\src\Serializer.cpp:123 ?DeserializeAchievementData@Serializer@@QEAA?AUSerializedAchievement@@V?$basic_string@DU?$char_traits@D@std@@V?$allocator@D@2@@std@@@Z
[2025-01-12 14:39:52.836] [Global] [info] [54724] [PdbHandler.cpp:193] Attempting to find pdb for c:/program files (x86)/steam/steamapps/common/Skyrim Special Edition/Data/SKSE/Plugins/AchievementInjector.dll+000BC4B with path Data/SKSE/Plugins
[2025-01-12 14:39:52.839] [Global] [info] [54724] [PdbHandler.cpp:207] Successfully opened pdb for dll c:/program files (x86)/steam/steamapps/common/Skyrim Special Edition/Data/SKSE/Plugins/AchievementInjector.dll+000BC4B
[2025-01-12 14:39:52.845] [Global] [info] [54724] [PdbHandler.cpp:106] Symbol returning:  C:\Users\Simone\Documents\GitHub\Achievement Injector\src\Achievement.cpp:398 ?ToString@Achievement@@QEAA?AV?$basic_string@DU?$char_traits@D@std@@V?$allocator@D@2@@std@@XZ
[2025-01-12 14:39:52.846] [Global] [info] [54724] [PdbHandler.cpp:193] Attempting to find pdb for c:/program files (x86)/steam/steamapps/common/Skyrim Special Edition/Data/SKSE/Plugins/AchievementInjector.dll+0054DD0 with path Data/SKSE/Plugins
[2025-01-12 14:39:52.848] [Global] [info] [54724] [PdbHandler.cpp:207] Successfully opened pdb for dll c:/program files (x86)/steam/steamapps/common/Skyrim Special Edition/Data/SKSE/Plugins/AchievementInjector.dll+0054DD0
[2025-01-12 14:39:52.852] [Global] [info] [54724] [PdbHandler.cpp:106] Symbol returning:  C:\Users\Simone\Documents\GitHub\Achievement Injector\src\AchievementManager.cpp:55 ?ToString@AchievementGroup@@QEAA?AV?$basic_string@DU?$char_traits@D@std@@V?$allocator@D@2@@std@@XZ
[2025-01-12 14:39:52.853] [Global] [info] [54724] [PdbHandler.cpp:193] Attempting to find pdb for c:/program files (x86)/steam/steamapps/common/Skyrim Special Edition/Data/SKSE/Plugins/AchievementInjector.dll+00557EB with path Data/SKSE/Plugins
[2025-01-12 14:39:52.855] [Global] [info] [54724] [PdbHandler.cpp:207] Successfully opened pdb for dll c:/program files (x86)/steam/steamapps/common/Skyrim Special Edition/Data/SKSE/Plugins/AchievementInjector.dll+00557EB
[2025-01-12 14:39:52.860] [Global] [info] [54724] [PdbHandler.cpp:106] Symbol returning:  C:\Users\Simone\Documents\GitHub\Achievement Injector\src\AchievementManager.cpp:103 ?ToString@AchievementManager@@QEAA?AV?$basic_string@DU?$char_traits@D@std@@V?$allocator@D@2@@std@@XZ
[2025-01-12 14:39:52.860] [Global] [info] [54724] [PdbHandler.cpp:193] Attempting to find pdb for c:/program files (x86)/steam/steamapps/common/Skyrim Special Edition/Data/SKSE/Plugins/AchievementInjector.dll+00558FA with path Data/SKSE/Plugins
[2025-01-12 14:39:52.863] [Global] [info] [54724] [PdbHandler.cpp:207] Successfully opened pdb for dll c:/program files (x86)/steam/steamapps/common/Skyrim Special Edition/Data/SKSE/Plugins/AchievementInjector.dll+00558FA
[2025-01-12 14:39:52.867] [Global] [info] [54724] [PdbHandler.cpp:106] Symbol returning:  C:\Users\Simone\Documents\GitHub\Achievement Injector\src\AchievementManager.cpp:109 ?UpdateCache@AchievementManager@@QEAAXXZ
[2025-01-12 14:39:52.868] [Global] [info] [54724] [PdbHandler.cpp:193] Attempting to find pdb for c:/program files (x86)/steam/steamapps/common/Skyrim Special Edition/Data/SKSE/Plugins/AchievementInjector.dll+00A27C7 with path Data/SKSE/Plugins
[2025-01-12 14:39:52.870] [Global] [info] [54724] [PdbHandler.cpp:207] Successfully opened pdb for dll c:/program files (x86)/steam/steamapps/common/Skyrim Special Edition/Data/SKSE/Plugins/AchievementInjector.dll+00A27C7
[2025-01-12 14:39:52.875] [Global] [info] [54724] [PdbHandler.cpp:106] Symbol returning:  C:\Users\Simone\Documents\GitHub\Achievement Injector\src\Plugin.cpp:146 ?MessageHandler@@YAXPEAUMessage@MessagingInterface@SKSE@@@Z
[2025-01-12 14:39:52.875] [Global] [info] [54724] [PdbHandler.cpp:193] Attempting to find pdb for c:/program files (x86)/steam/steamapps/common/Skyrim Special Edition/skse64_1_6_1170.dll+0082BF2 with path Data/SKSE/Plugins
[2025-01-12 14:39:52.875] [Global] [info] [54724] [PdbHandler.cpp:197] Failed to open pdb for dll c:/program files (x86)/steam/steamapps/common/Skyrim Special Edition/skse64_1_6_1170.dll+0082BF2	Unable to locate PDB
[2025-01-12 14:39:52.876] [Global] [info] [54724] [PdbHandler.cpp:193] Attempting to find pdb for c:/program files (x86)/steam/steamapps/common/Skyrim Special Edition/skse64_1_6_1170.dll+000A6B8 with path Data/SKSE/Plugins
[2025-01-12 14:39:52.876] [Global] [info] [54724] [PdbHandler.cpp:197] Failed to open pdb for dll c:/program files (x86)/steam/steamapps/common/Skyrim Special Edition/skse64_1_6_1170.dll+000A6B8	Unable to locate PDB
[2025-01-12 14:39:52.877] [Global] [info] [54724] [PdbHandler.cpp:193] Attempting to find pdb for c:/program files (x86)/steam/steamapps/common/Skyrim Special Edition/SkyrimSE.exe+0642FCC with path Data/SKSE/Plugins
[2025-01-12 14:39:52.877] [Global] [info] [54724] [PdbHandler.cpp:197] Failed to open pdb for dll c:/program files (x86)/steam/steamapps/common/Skyrim Special Edition/SkyrimSE.exe+0642FCC	Unable to locate PDB
[2025-01-12 14:39:52.877] [Global] [info] [54724] [PdbHandler.cpp:193] Attempting to find pdb for c:/program files (x86)/steam/steamapps/common/Skyrim Special Edition/SkyrimSE.exe+064C5BC with path Data/SKSE/Plugins
[2025-01-12 14:39:52.878] [Global] [info] [54724] [PdbHandler.cpp:197] Failed to open pdb for dll c:/program files (x86)/steam/steamapps/common/Skyrim Special Edition/SkyrimSE.exe+064C5BC	Unable to locate PDB
[2025-01-12 14:39:52.878] [Global] [info] [54724] [PdbHandler.cpp:193] Attempting to find pdb for c:/program files (x86)/steam/steamapps/common/Skyrim Special Edition/SkyrimSE.exe+0CD0DBD with path Data/SKSE/Plugins
[2025-01-12 14:39:52.878] [Global] [info] [54724] [PdbHandler.cpp:197] Failed to open pdb for dll c:/program files (x86)/steam/steamapps/common/Skyrim Special Edition/SkyrimSE.exe+0CD0DBD	Unable to locate PDB
[2025-01-12 14:39:52.879] [Global] [info] [54724] [PdbHandler.cpp:193] Attempting to find pdb for C:/WINDOWS/System32/KERNEL32.DLL+002E8D7 with path Data/SKSE/Plugins
[2025-01-12 14:39:52.879] [Global] [info] [54724] [PdbHandler.cpp:197] Failed to open pdb for dll C:/WINDOWS/System32/KERNEL32.DLL+002E8D7	Unable to locate PDB
[2025-01-12 14:39:52.879] [Global] [info] [54724] [PdbHandler.cpp:193] Attempting to find pdb for C:/WINDOWS/SYSTEM32/ntdll.dll+00DFBCC with path Data/SKSE/Plugins
[2025-01-12 14:39:52.880] [Global] [info] [54724] [PdbHandler.cpp:197] Failed to open pdb for dll C:/WINDOWS/SYSTEM32/ntdll.dll+00DFBCC	Unable to locate PDB
[2025-01-12 14:39:52.880] [Global] [info] [55312] [PdbHandler.cpp:193] Attempting to find pdb for c:/program files (x86)/steam/steamapps/common/Skyrim Special Edition/SkyrimSE.exe+0FCD2EE with path Data/SKSE/Plugins
[2025-01-12 14:39:52.880] [Global] [info] [55312] [PdbHandler.cpp:197] Failed to open pdb for dll c:/program files (x86)/steam/steamapps/common/Skyrim Special Edition/SkyrimSE.exe+0FCD2EE	Unable to locate PDB
[2025-01-12 14:39:52.881] [Global] [info] [48496] [PdbHandler.cpp:193] Attempting to find pdb for c:/program files (x86)/steam/steamapps/common/Skyrim Special Edition/SkyrimSE.exe+0FE6A10 with path Data/SKSE/Plugins
[2025-01-12 14:39:52.881] [Global] [info] [48496] [PdbHandler.cpp:197] Failed to open pdb for dll c:/program files (x86)/steam/steamapps/common/Skyrim Special Edition/SkyrimSE.exe+0FE6A10	Unable to locate PDB
[2025-01-12 14:39:52.882] [Global] [info] [55312] [PdbHandler.cpp:193] Attempting to find pdb for C:/WINDOWS/System32/KERNELBASE.dll+00C837A with path Data/SKSE/Plugins
[2025-01-12 14:39:52.882] [Global] [info] [55312] [PdbHandler.cpp:197] Failed to open pdb for dll C:/WINDOWS/System32/KERNELBASE.dll+00C837A	Unable to locate PDB
[2025-01-12 14:39:52.883] [Global] [info] [55308] [PdbHandler.cpp:193] Attempting to find pdb for c:/program files (x86)/steam/steamapps/common/Skyrim Special Edition/Data/SKSE/Plugins/AchievementInjector.dll+0243B98 with path Data/SKSE/Plugins
[2025-01-12 14:39:52.885] [Global] [info] [55308] [PdbHandler.cpp:207] Successfully opened pdb for dll c:/program files (x86)/steam/steamapps/common/Skyrim Special Edition/Data/SKSE/Plugins/AchievementInjector.dll+0243B98
[2025-01-12 14:39:52.889] [Global] [info] [55308] [PdbHandler.cpp:106] Symbol returning:  _TI3?AVparse_error@detail@json_abi_v3_11_3@nlohmann@@_243B98
[2025-01-12 14:39:52.890] [Global] [info] [55332] [PdbHandler.cpp:193] Attempting to find pdb for c:/program files (x86)/steam/steamapps/common/Skyrim Special Edition/Data/SKSE/Plugins/AchievementInjector.dll+01BF230 with path Data/SKSE/Plugins
[2025-01-12 14:39:52.892] [Global] [info] [55332] [PdbHandler.cpp:207] Successfully opened pdb for dll c:/program files (x86)/steam/steamapps/common/Skyrim Special Edition/Data/SKSE/Plugins/AchievementInjector.dll+01BF230
[2025-01-12 14:39:52.897] [Global] [info] [55332] [PdbHandler.cpp:106] Symbol returning:  ??_7exception@std@@6B@_1BF230
[2025-01-12 14:39:52.897] [Global] [info] [55324] [PdbHandler.cpp:193] Attempting to find pdb for c:/program files (x86)/steam/steamapps/common/Skyrim Special Edition/Data/SKSE/Plugins/AchievementInjector.dll+0243B98 with path Data/SKSE/Plugins
[2025-01-12 14:39:52.900] [Global] [info] [55324] [PdbHandler.cpp:207] Successfully opened pdb for dll c:/program files (x86)/steam/steamapps/common/Skyrim Special Edition/Data/SKSE/Plugins/AchievementInjector.dll+0243B98
[2025-01-12 14:39:52.904] [Global] [info] [55324] [PdbHandler.cpp:106] Symbol returning:  _TI3?AVparse_error@detail@json_abi_v3_11_3@nlohmann@@_243B98
[2025-01-12 14:39:52.904] [Global] [info] [54724] [PdbHandler.cpp:193] Attempting to find pdb for c:/program files (x86)/steam/steamapps/common/Skyrim Special Edition/Data/SKSE/Plugins/AchievementInjector.dll+0255000 with path Data/SKSE/Plugins
[2025-01-12 14:39:52.907] [Global] [info] [54724] [PdbHandler.cpp:207] Successfully opened pdb for dll c:/program files (x86)/steam/steamapps/common/Skyrim Special Edition/Data/SKSE/Plugins/AchievementInjector.dll+0255000
[2025-01-12 14:39:52.911] [Global] [info] [54724] [PdbHandler.cpp:106] Symbol returning:  ?$TSS0@?L@??DeleteValue@?$CSimpleIniTempl@DU?$SI_NoCase@D@@V?$SI_ConvertA@D@@@@QEAA_NPEBD00_N@Z@4HA_255000
[2025-01-12 14:39:52.912] [Global] [info] [55300] [PdbHandler.cpp:193] Attempting to find pdb for c:/program files (x86)/steam/steamapps/common/Skyrim Special Edition/Data/SKSE/Plugins/AchievementInjector.dll+0243B98 with path Data/SKSE/Plugins
[2025-01-12 14:39:52.915] [Global] [info] [55300] [PdbHandler.cpp:207] Successfully opened pdb for dll c:/program files (x86)/steam/steamapps/common/Skyrim Special Edition/Data/SKSE/Plugins/AchievementInjector.dll+0243B98
[2025-01-12 14:39:52.918] [Global] [info] [55300] [PdbHandler.cpp:106] Symbol returning:  _TI3?AVparse_error@detail@json_abi_v3_11_3@nlohmann@@_243B98
[2025-01-12 14:39:52.919] [Global] [info] [55328] [PdbHandler.cpp:193] Attempting to find pdb for c:/program files (x86)/steam/steamapps/common/Skyrim Special Edition/Data/SKSE/Plugins/AchievementInjector.dll+0071DE8 with path Data/SKSE/Plugins
[2025-01-12 14:39:52.922] [Global] [info] [55328] [PdbHandler.cpp:207] Successfully opened pdb for dll c:/program files (x86)/steam/steamapps/common/Skyrim Special Edition/Data/SKSE/Plugins/AchievementInjector.dll+0071DE8
[2025-01-12 14:39:52.926] [Global] [info] [55328] [PdbHandler.cpp:106] Symbol returning:  C:\Users\Simone\Documents\GitHub\Achievement Injector\build\vcpkg_installed\x64-windows-static-md\include\nlohmann\detail\input\parser.hpp:348 ??$sax_parse_internal@V?$json_sax_dom_parser@V?$basic_json@Vmap@std@@Vvector@2@V?$basic_string@DU?$char_traits@D@std@@V?$allocator@D@2@@2@_N_J_KNVallocator@2@Uadl_serializer@json_abi_v3_11_3@nlohmann@@V?$vector@EV?$allocator@E@std@@@2@X@json_abi_v3_11_3@nlohmann@@@detail@json_abi_v3_11_3@nlohmann@@@?$parser@V?$basic_json@Vmap@std@@Vvector@2@V?$basic_string@DU?$char_traits@D@std@@V?$allocator@D@2@@2@_N_J_KNVallocator@2@Uadl_serializer@json_abi_v3_11_3@nlohmann@@V?$vector@EV?$allocator@E@std@@@2@X@json_abi_v3_11_3@nlohmann@@Vinput_stream_adapter@detail@23@@detail@json_abi_v3_11_3@nlohmann@@AEAA_NPEAV?$json_sax_dom_parser@V?$basic_json@Vmap@std@@Vvector@2@V?$basic_string@DU?$char_traits@D@std@@V?$allocator@D@2@@2@_N_J_KNVallocator@2@Uadl_serializer@json_abi_v3_11_3@nlohmann@@V?$vector@EV?$allocator@E@std@@@2@X@json_abi_v3_11_3@nlohmann@@@123@@Z
[2025-01-12 14:39:52.927] [Global] [info] [54880] [PdbHandler.cpp:193] Attempting to find pdb for C:/WINDOWS/SYSTEM32/ntdll.dll+00278B4 with path Data/SKSE/Plugins
[2025-01-12 14:39:52.927] [Global] [info] [54880] [PdbHandler.cpp:197] Failed to open pdb for dll C:/WINDOWS/SYSTEM32/ntdll.dll+00278B4	Unable to locate PDB
[2025-01-12 14:39:52.928] [Global] [info] [55316] [PdbHandler.cpp:193] Attempting to find pdb for c:/program files (x86)/steam/steamapps/common/Skyrim Special Edition/Data/SKSE/Plugins/AchievementInjector.dll+01EDE70 with path Data/SKSE/Plugins
[2025-01-12 14:39:52.930] [Global] [info] [55316] [PdbHandler.cpp:207] Successfully opened pdb for dll c:/program files (x86)/steam/steamapps/common/Skyrim Special Edition/Data/SKSE/Plugins/AchievementInjector.dll+01EDE70
[2025-01-12 14:39:52.934] [Global] [info] [55316] [PdbHandler.cpp:106] Symbol returning:  ??_7parse_error@detail@json_abi_v3_11_3@nlohmann@@6B@_1EDE70
[2025-01-12 14:39:52.934] [Global] [info] [55320] [PdbHandler.cpp:193] Attempting to find pdb for c:/program files (x86)/steam/steamapps/common/Skyrim Special Edition/Data/SKSE/Plugins/AchievementInjector.dll+01BF290 with path Data/SKSE/Plugins
[2025-01-12 14:39:52.938] [Global] [info] [55320] [PdbHandler.cpp:207] Successfully opened pdb for dll c:/program files (x86)/steam/steamapps/common/Skyrim Special Edition/Data/SKSE/Plugins/AchievementInjector.dll+01BF290
[2025-01-12 14:39:52.941] [Global] [info] [55320] [PdbHandler.cpp:106] Symbol returning:  ??_7runtime_error@std@@6B@_1BF290
[2025-01-12 14:39:52.942] [Global] [info] [48496] [PdbHandler.cpp:193] Attempting to find pdb for c:/program files (x86)/steam/steamapps/common/Skyrim Special Edition/Data/SKSE/Plugins/AchievementInjector.dll+01EDE70 with path Data/SKSE/Plugins
[2025-01-12 14:39:52.945] [Global] [info] [48496] [PdbHandler.cpp:207] Successfully opened pdb for dll c:/program files (x86)/steam/steamapps/common/Skyrim Special Edition/Data/SKSE/Plugins/AchievementInjector.dll+01EDE70
[2025-01-12 14:39:52.949] [Global] [info] [48496] [PdbHandler.cpp:106] Symbol returning:  ??_7parse_error@detail@json_abi_v3_11_3@nlohmann@@6B@_1EDE70
[2025-01-12 14:39:52.949] [Global] [info] [55304] [PdbHandler.cpp:193] Attempting to find pdb for c:/program files (x86)/steam/steamapps/common/Skyrim Special Edition/Data/SKSE/Plugins/AchievementInjector.dll+01BF290 with path Data/SKSE/Plugins
[2025-01-12 14:39:52.952] [Global] [info] [55304] [PdbHandler.cpp:207] Successfully opened pdb for dll c:/program files (x86)/steam/steamapps/common/Skyrim Special Edition/Data/SKSE/Plugins/AchievementInjector.dll+01BF290
[2025-01-12 14:39:52.956] [Global] [info] [55304] [PdbHandler.cpp:106] Symbol returning:  ??_7runtime_error@std@@6B@_1BF290
[2025-01-12 14:39:52.956] [Global] [info] [55312] [PdbHandler.cpp:193] Attempting to find pdb for C:/WINDOWS/System32/ucrtbase.dll+0138E88 with path Data/SKSE/Plugins
[2025-01-12 14:39:52.957] [Global] [info] [55312] [PdbHandler.cpp:197] Failed to open pdb for dll C:/WINDOWS/System32/ucrtbase.dll+0138E88	Unable to locate PDB
[2025-01-12 14:39:52.957] [Global] [info] [55308] [PdbHandler.cpp:193] Attempting to find pdb for C:/WINDOWS/SYSTEM32/VCRUNTIME140.dll+0005267 with path Data/SKSE/Plugins
[2025-01-12 14:39:52.957] [Global] [info] [55308] [PdbHandler.cpp:197] Failed to open pdb for dll C:/WINDOWS/SYSTEM32/VCRUNTIME140.dll+0005267	Unable to locate PDB
[2025-01-12 14:39:52.958] [Global] [info] [55332] [PdbHandler.cpp:193] Attempting to find pdb for C:/WINDOWS/System32/ucrtbase.dll+0138E88 with path Data/SKSE/Plugins
[2025-01-12 14:39:52.958] [Global] [info] [55332] [PdbHandler.cpp:197] Failed to open pdb for dll C:/WINDOWS/System32/ucrtbase.dll+0138E88	Unable to locate PDB
[2025-01-12 14:39:52.959] [Global] [info] [55324] [PdbHandler.cpp:193] Attempting to find pdb for C:/WINDOWS/System32/ucrtbase.dll+001CAE2 with path Data/SKSE/Plugins
[2025-01-12 14:39:52.959] [Global] [info] [55324] [PdbHandler.cpp:197] Failed to open pdb for dll C:/WINDOWS/System32/ucrtbase.dll+001CAE2	Unable to locate PDB
[2025-01-12 14:39:52.959] [Global] [info] [54724] [PdbHandler.cpp:193] Attempting to find pdb for c:/program files (x86)/steam/steamapps/common/Skyrim Special Edition/Data/SKSE/Plugins/AchievementInjector.dll+006BA41 with path Data/SKSE/Plugins
[2025-01-12 14:39:52.962] [Global] [info] [54724] [PdbHandler.cpp:207] Successfully opened pdb for dll c:/program files (x86)/steam/steamapps/common/Skyrim Special Edition/Data/SKSE/Plugins/AchievementInjector.dll+006BA41
[2025-01-12 14:39:52.967] [Global] [info] [54724] [PdbHandler.cpp:106] Symbol returning:  C:\Users\Simone\Documents\GitHub\Achievement Injector\build\vcpkg_installed\x64-windows-static-md\include\nlohmann\detail\input\parser.hpp:137 ?parse@?$parser@V?$basic_json@Vmap@std@@Vvector@2@V?$basic_string@DU?$char_traits@D@std@@V?$allocator@D@2@@2@_N_J_KNVallocator@2@Uadl_serializer@json_abi_v3_11_3@nlohmann@@V?$vector@EV?$allocator@E@std@@@2@X@json_abi_v3_11_3@nlohmann@@Vinput_stream_adapter@detail@23@@detail@json_abi_v3_11_3@nlohmann@@QEAAX_NAEAV?$basic_json@Vmap@std@@Vvector@2@V?$basic_string@DU?$char_traits@D@std@@V?$allocator@D@2@@2@_N_J_KNVallocator@2@Uadl_serializer@json_abi_v3_11_3@nlohmann@@V?$vector@EV?$allocator@E@std@@@2@X@34@@Z
[2025-01-12 14:39:52.967] [Global] [info] [55300] [PdbHandler.cpp:193] Attempting to find pdb for c:/program files (x86)/steam/steamapps/common/Skyrim Special Edition/Data/SKSE/Plugins/AchievementInjector.dll+0254888 with path Data/SKSE/Plugins
[2025-01-12 14:39:52.970] [Global] [info] [55300] [PdbHandler.cpp:207] Successfully opened pdb for dll c:/program files (x86)/steam/steamapps/common/Skyrim Special Edition/Data/SKSE/Plugins/AchievementInjector.dll+0254888
[2025-01-12 14:39:52.974] [Global] [info] [55300] [PdbHandler.cpp:106] Symbol returning:  ?singleton@?1??GetSingleton@?$ISingleton@VSerializer@@@@SAPEAVSerializer@@XZ@4V3@A_254888
[2025-01-12 14:39:52.974] [Global] [info] [55328] [PdbHandler.cpp:193] Attempting to find pdb for c:/program files (x86)/steam/steamapps/common/Skyrim Special Edition/Data/SKSE/Plugins/AchievementInjector.dll+004EB01 with path Data/SKSE/Plugins
[2025-01-12 14:39:52.977] [Global] [info] [55328] [PdbHandler.cpp:207] Successfully opened pdb for dll c:/program files (x86)/steam/steamapps/common/Skyrim Special Edition/Data/SKSE/Plugins/AchievementInjector.dll+004EB01
[2025-01-12 14:39:52.985] [Global] [info] [55328] [PdbHandler.cpp:106] Symbol returning:  C:\Program Files\Microsoft Visual Studio\2022\Community\VC\Tools\MSVC\14.41.34120\include\xutility:4640 ??$_Copy_memmove@PEADPEAD@std@@YAPEADPEAD00@Z C:\Program Files\Microsoft Visual Studio\2022\Community\VC\Tools\MSVC\14.41.34120\include\charconv:39 ??$_Copy_memmove@PEADPEAD@std@@YAPEADPEAD00@Z
[2025-01-12 14:39:52.985] [Global] [info] [54880] [PdbHandler.cpp:193] Attempting to find pdb for C:/WINDOWS/System32/ucrtbase.dll+001ACD6 with path Data/SKSE/Plugins
[2025-01-12 14:39:52.986] [Global] [info] [54880] [PdbHandler.cpp:197] Failed to open pdb for dll C:/WINDOWS/System32/ucrtbase.dll+001ACD6	Unable to locate PDB
[2025-01-12 14:39:52.986] [Global] [info] [55316] [PdbHandler.cpp:193] Attempting to find pdb for c:/program files (x86)/steam/steamapps/common/Skyrim Special Edition/Data/SKSE/Plugins/AchievementInjector.dll+0074530 with path Data/SKSE/Plugins
[2025-01-12 14:39:52.989] [Global] [info] [55316] [PdbHandler.cpp:207] Successfully opened pdb for dll c:/program files (x86)/steam/steamapps/common/Skyrim Special Edition/Data/SKSE/Plugins/AchievementInjector.dll+0074530
[2025-01-12 14:39:52.993] [Global] [info] [55316] [PdbHandler.cpp:106] Symbol returning:  C:\Program Files\Microsoft Visual Studio\2022\Community\VC\Tools\MSVC\14.41.34120\include\vector:850 ??$_Emplace_reallocate@D@?$vector@DV?$allocator@D@std@@@std@@AEAAPEADQEAD$$QEAD@Z
[2025-01-12 14:39:52.994] [Global] [info] [55320] [PdbHandler.cpp:193] Attempting to find pdb for c:/program files (x86)/steam/steamapps/common/Skyrim Special Edition/Data/SKSE/Plugins/AchievementInjector.dll+006F073 with path Data/SKSE/Plugins
[2025-01-12 14:39:52.997] [Global] [info] [55320] [PdbHandler.cpp:207] Successfully opened pdb for dll c:/program files (x86)/steam/steamapps/common/Skyrim Special Edition/Data/SKSE/Plugins/AchievementInjector.dll+006F073
[2025-01-12 14:39:53.001] [Global] [info] [55320] [PdbHandler.cpp:106] Symbol returning:  C:\Users\Simone\Documents\GitHub\Achievement Injector\build\vcpkg_installed\x64-windows-static-md\include\nlohmann\detail\input\lexer.hpp:1358 ?get@?$lexer@V?$basic_json@Vmap@std@@Vvector@2@V?$basic_string@DU?$char_traits@D@std@@V?$allocator@D@2@@2@_N_J_KNVallocator@2@Uadl_serializer@json_abi_v3_11_3@nlohmann@@V?$vector@EV?$allocator@E@std@@@2@X@json_abi_v3_11_3@nlohmann@@Vinput_stream_adapter@detail@23@@detail@json_abi_v3_11_3@nlohmann@@AEAAHXZ
[2025-01-12 14:39:53.002] [Global] [info] [48496] [PdbHandler.cpp:193] Attempting to find pdb for c:/program files (x86)/steam/steamapps/common/Skyrim Special Edition/Data/SKSE/Plugins/AchievementInjector.dll+006DB5B with path Data/SKSE/Plugins
[2025-01-12 14:39:53.004] [Global] [info] [48496] [PdbHandler.cpp:207] Successfully opened pdb for dll c:/program files (x86)/steam/steamapps/common/Skyrim Special Edition/Data/SKSE/Plugins/AchievementInjector.dll+006DB5B
[2025-01-12 14:39:53.008] [Global] [info] [48496] [PdbHandler.cpp:106] Symbol returning:  C:\Users\Simone\Documents\GitHub\Achievement Injector\build\vcpkg_installed\x64-windows-static-md\include\nlohmann\detail\input\lexer.hpp:1596 ?scan@?$lexer@V?$basic_json@Vmap@std@@Vvector@2@V?$basic_string@DU?$char_traits@D@std@@V?$allocator@D@2@@2@_N_J_KNVallocator@2@Uadl_serializer@json_abi_v3_11_3@nlohmann@@V?$vector@EV?$allocator@E@std@@@2@X@json_abi_v3_11_3@nlohmann@@Vinput_stream_adapter@detail@23@@detail@json_abi_v3_11_3@nlohmann@@QEAA?AW4token_type@?$lexer_base@V?$basic_json@Vmap@std@@Vvector@2@V?$basic_string@DU?$char_traits@D@std@@V?$allocator@D@2@@2@_N_J_KNVallocator@2@Uadl_serializer@json_abi_v3_11_3@nlohmann@@V?$vector@EV?$allocator@E@std@@@2@X@json_abi_v3_11_3@nlohmann@@@234@XZ
[2025-01-12 14:39:53.009] [Global] [info] [55304] [PdbHandler.cpp:193] Attempting to find pdb for c:/program files (x86)/steam/steamapps/common/Skyrim Special Edition/Data/SKSE/Plugins/AchievementInjector.dll+006F8FB with path Data/SKSE/Plugins
[2025-01-12 14:39:53.012] [Global] [info] [55304] [PdbHandler.cpp:207] Successfully opened pdb for dll c:/program files (x86)/steam/steamapps/common/Skyrim Special Edition/Data/SKSE/Plugins/AchievementInjector.dll+006F8FB
[2025-01-12 14:39:53.016] [Global] [info] [55304] [PdbHandler.cpp:106] Symbol returning:  C:\Users\Simone\Documents\GitHub\Achievement Injector\build\vcpkg_installed\x64-windows-static-md\include\nlohmann\json.hpp:139 ??$parser@Vinput_stream_adapter@detail@json_abi_v3_11_3@nlohmann@@@?$basic_json@Vmap@std@@Vvector@2@V?$basic_string@DU?$char_traits@D@std@@V?$allocator@D@2@@2@_N_J_KNVallocator@2@Uadl_serializer@json_abi_v3_11_3@nlohmann@@V?$vector@EV?$allocator@E@std@@@2@X@json_abi_v3_11_3@nlohmann@@CA?AV?$parser@V?$basic_json@Vmap@std@@Vvector@2@V?$basic_string@DU?$char_traits@D@std@@V?$allocator@D@2@@2@_N_J_KNVallocator@2@Uadl_serializer@json_abi_v3_11_3@nlohmann@@V?$vector@EV?$allocator@E@std@@@2@X@json_abi_v3_11_3@nlohmann@@Vinput_stream_adapter@detail@23@@detail@12@Vinput_stream_adapter@412@V?$function@$$A6A_NHW4parse_event_t@detail@json_abi_v3_11_3@nlohmann@@AEAV?$basic_json@Vmap@std@@Vvector@2@V?$basic_string@DU?$char_traits@D@std@@V?$allocator@D@2@@2@_N_J_KNVallocator@2@Uadl_serializer@json_abi_v3_11_3@nlohmann@@V?$vector@EV?$allocator@E@std@@@2@X@34@@Z@std@@_N2@Z
[2025-01-12 14:39:53.017] [Global] [info] [55312] [PdbHandler.cpp:193] Attempting to find pdb for c:/program files (x86)/steam/steamapps/common/Skyrim Special Edition/Data/SKSE/Plugins/AchievementInjector.dll+006D582 with path Data/SKSE/Plugins
[2025-01-12 14:39:53.020] [Global] [info] [55312] [PdbHandler.cpp:207] Successfully opened pdb for dll c:/program files (x86)/steam/steamapps/common/Skyrim Special Edition/Data/SKSE/Plugins/AchievementInjector.dll+006D582
[2025-01-12 14:39:53.024] [Global] [info] [55312] [PdbHandler.cpp:106] Symbol returning:  C:\Program Files\Microsoft Visual Studio\2022\Community\VC\Tools\MSVC\14.41.34120\include\__msvc_filebuf.hpp:292 ?open@?$basic_filebuf@DU?$char_traits@D@std@@@std@@QEAAPEAV12@PEBDHH@Z
[2025-01-12 14:39:53.025] [Global] [info] [55308] [PdbHandler.cpp:193] Attempting to find pdb for c:/program files (x86)/steam/steamapps/common/Skyrim Special Edition/Data/SKSE/Plugins/AchievementInjector.dll+0254870 with path Data/SKSE/Plugins
[2025-01-12 14:39:53.028] [Global] [info] [55308] [PdbHandler.cpp:207] Successfully opened pdb for dll c:/program files (x86)/steam/steamapps/common/Skyrim Special Edition/Data/SKSE/Plugins/AchievementInjector.dll+0254870
[2025-01-12 14:39:53.031] [Global] [info] [55308] [PdbHandler.cpp:106] Symbol returning:  ?singleton@?1??GetSingleton@?$ISingleton@VSerializer@@@@SAPEAVSerializer@@XZ@4V3@A_254870
[2025-01-12 14:39:53.032] [Global] [info] [55332] [PdbHandler.cpp:193] Attempting to find pdb for C:/WINDOWS/System32/ucrtbase.dll+000DDAB with path Data/SKSE/Plugins
[2025-01-12 14:39:53.032] [Global] [info] [55332] [PdbHandler.cpp:197] Failed to open pdb for dll C:/WINDOWS/System32/ucrtbase.dll+000DDAB	Unable to locate PDB
[2025-01-12 14:39:53.033] [Global] [info] [55324] [PdbHandler.cpp:193] Attempting to find pdb for c:/program files (x86)/steam/steamapps/common/Skyrim Special Edition/Data/SKSE/Plugins/AchievementInjector.dll+0254870 with path Data/SKSE/Plugins
[2025-01-12 14:39:53.035] [Global] [info] [55324] [PdbHandler.cpp:207] Successfully opened pdb for dll c:/program files (x86)/steam/steamapps/common/Skyrim Special Edition/Data/SKSE/Plugins/AchievementInjector.dll+0254870
[2025-01-12 14:39:53.039] [Global] [info] [55324] [PdbHandler.cpp:106] Symbol returning:  ?singleton@?1??GetSingleton@?$ISingleton@VSerializer@@@@SAPEAVSerializer@@XZ@4V3@A_254870
[2025-01-12 14:39:53.039] [Global] [info] [54724] [PdbHandler.cpp:193] Attempting to find pdb for c:/program files (x86)/steam/steamapps/common/Skyrim Special Edition/Data/SKSE/Plugins/AchievementInjector.dll+0254870 with path Data/SKSE/Plugins
[2025-01-12 14:39:53.042] [Global] [info] [54724] [PdbHandler.cpp:207] Successfully opened pdb for dll c:/program files (x86)/steam/steamapps/common/Skyrim Special Edition/Data/SKSE/Plugins/AchievementInjector.dll+0254870
[2025-01-12 14:39:53.046] [Global] [info] [54724] [PdbHandler.cpp:106] Symbol returning:  ?singleton@?1??GetSingleton@?$ISingleton@VSerializer@@@@SAPEAVSerializer@@XZ@4V3@A_254870
[2025-01-12 14:39:53.047] [Global] [info] [55300] [PdbHandler.cpp:193] Attempting to find pdb for C:/WINDOWS/SYSTEM32/MSVCP140.dll+0035EA5 with path Data/SKSE/Plugins
[2025-01-12 14:39:53.047] [Global] [info] [55300] [PdbHandler.cpp:197] Failed to open pdb for dll C:/WINDOWS/SYSTEM32/MSVCP140.dll+0035EA5	Unable to locate PDB
[2025-01-12 14:39:53.047] [Global] [info] [55328] [PdbHandler.cpp:193] Attempting to find pdb for c:/program files (x86)/steam/steamapps/common/Skyrim Special Edition/Data/SKSE/Plugins/AchievementInjector.dll+0254888 with path Data/SKSE/Plugins
[2025-01-12 14:39:53.050] [Global] [info] [55328] [PdbHandler.cpp:207] Successfully opened pdb for dll c:/program files (x86)/steam/steamapps/common/Skyrim Special Edition/Data/SKSE/Plugins/AchievementInjector.dll+0254888
[2025-01-12 14:39:53.054] [Global] [info] [55328] [PdbHandler.cpp:106] Symbol returning:  ?singleton@?1??GetSingleton@?$ISingleton@VSerializer@@@@SAPEAVSerializer@@XZ@4V3@A_254888
[2025-01-12 14:39:53.054] [Global] [info] [54880] [PdbHandler.cpp:193] Attempting to find pdb for c:/program files (x86)/steam/steamapps/common/Skyrim Special Edition/Data/SKSE/Plugins/AchievementInjector.dll+0254870 with path Data/SKSE/Plugins
[2025-01-12 14:39:53.057] [Global] [info] [54880] [PdbHandler.cpp:207] Successfully opened pdb for dll c:/program files (x86)/steam/steamapps/common/Skyrim Special Edition/Data/SKSE/Plugins/AchievementInjector.dll+0254870
[2025-01-12 14:39:53.061] [Global] [info] [54880] [PdbHandler.cpp:106] Symbol returning:  ?singleton@?1??GetSingleton@?$ISingleton@VSerializer@@@@SAPEAVSerializer@@XZ@4V3@A_254870
[2025-01-12 14:39:53.061] [Global] [info] [55316] [PdbHandler.cpp:193] Attempting to find pdb for c:/program files (x86)/steam/steamapps/common/Skyrim Special Edition/Data/SKSE/Plugins/AchievementInjector.dll+0254888 with path Data/SKSE/Plugins
[2025-01-12 14:39:53.064] [Global] [info] [55316] [PdbHandler.cpp:207] Successfully opened pdb for dll c:/program files (x86)/steam/steamapps/common/Skyrim Special Edition/Data/SKSE/Plugins/AchievementInjector.dll+0254888
[2025-01-12 14:39:53.068] [Global] [info] [55316] [PdbHandler.cpp:106] Symbol returning:  ?singleton@?1??GetSingleton@?$ISingleton@VSerializer@@@@SAPEAVSerializer@@XZ@4V3@A_254888
[2025-01-12 14:39:53.068] [Global] [info] [55320] [PdbHandler.cpp:193] Attempting to find pdb for c:/program files (x86)/steam/steamapps/common/Skyrim Special Edition/Data/SKSE/Plugins/AchievementInjector.dll+01EDD88 with path Data/SKSE/Plugins
[2025-01-12 14:39:53.071] [Global] [info] [55320] [PdbHandler.cpp:207] Successfully opened pdb for dll c:/program files (x86)/steam/steamapps/common/Skyrim Special Edition/Data/SKSE/Plugins/AchievementInjector.dll+01EDD88
[2025-01-12 14:39:53.075] [Global] [info] [55320] [PdbHandler.cpp:106] Symbol returning:  ??_8?$basic_ifstream@DU?$char_traits@D@std@@@std@@7B@_1EDD88
[2025-01-12 14:39:53.075] [Global] [info] [48496] [PdbHandler.cpp:193] Attempting to find pdb for c:/program files (x86)/steam/steamapps/common/Skyrim Special Edition/Data/SKSE/Plugins/AchievementInjector.dll+01BFB48 with path Data/SKSE/Plugins
[2025-01-12 14:39:53.079] [Global] [info] [48496] [PdbHandler.cpp:207] Successfully opened pdb for dll c:/program files (x86)/steam/steamapps/common/Skyrim Special Edition/Data/SKSE/Plugins/AchievementInjector.dll+01BFB48
[2025-01-12 14:39:53.083] [Global] [info] [48496] [PdbHandler.cpp:106] Symbol returning:  ??_7?$basic_ifstream@DU?$char_traits@D@std@@@std@@6B@_1BFB48
[2025-01-12 14:39:53.084] [Global] [info] [55304] [PdbHandler.cpp:193] Attempting to find pdb for C:/WINDOWS/SYSTEM32/ntdll.dll+0027820 with path Data/SKSE/Plugins
[2025-01-12 14:39:53.084] [Global] [info] [55304] [PdbHandler.cpp:197] Failed to open pdb for dll C:/WINDOWS/SYSTEM32/ntdll.dll+0027820	Unable to locate PDB
[2025-01-12 14:39:53.085] [Global] [info] [55312] [PdbHandler.cpp:193] Attempting to find pdb for C:/WINDOWS/SYSTEM32/ntdll.dll+0176F4A with path Data/SKSE/Plugins
[2025-01-12 14:39:53.085] [Global] [info] [55312] [PdbHandler.cpp:197] Failed to open pdb for dll C:/WINDOWS/SYSTEM32/ntdll.dll+0176F4A	Unable to locate PDB
[2025-01-12 14:39:53.086] [Global] [info] [55308] [PdbHandler.cpp:193] Attempting to find pdb for c:/program files (x86)/steam/steamapps/common/Skyrim Special Edition/Data/SKSE/Plugins/AchievementInjector.dll+02548A0 with path Data/SKSE/Plugins
[2025-01-12 14:39:53.088] [Global] [info] [55308] [PdbHandler.cpp:207] Successfully opened pdb for dll c:/program files (x86)/steam/steamapps/common/Skyrim Special Edition/Data/SKSE/Plugins/AchievementInjector.dll+02548A0
[2025-01-12 14:39:53.092] [Global] [info] [55308] [PdbHandler.cpp:106] Symbol returning:  ?singleton@?1??GetSingleton@?$ISingleton@VAchievementManager@@@@SAPEAVAchievementManager@@XZ@4V3@A_2548A0
[2025-01-12 14:39:53.092] [Global] [info] [55332] [PdbHandler.cpp:193] Attempting to find pdb for C:/WINDOWS/SYSTEM32/ntdll.dll+0027776 with path Data/SKSE/Plugins
[2025-01-12 14:39:53.093] [Global] [info] [55332] [PdbHandler.cpp:197] Failed to open pdb for dll C:/WINDOWS/SYSTEM32/ntdll.dll+0027776	Unable to locate PDB
[2025-01-12 14:39:53.093] [Global] [info] [55324] [PdbHandler.cpp:193] Attempting to find pdb for c:/program files (x86)/steam/steamapps/common/Skyrim Special Edition/Data/SKSE/Plugins/AchievementInjector.dll+01EB050 with path Data/SKSE/Plugins
[2025-01-12 14:39:53.096] [Global] [info] [55324] [PdbHandler.cpp:207] Successfully opened pdb for dll c:/program files (x86)/steam/steamapps/common/Skyrim Special Edition/Data/SKSE/Plugins/AchievementInjector.dll+01EB050
[2025-01-12 14:39:53.100] [Global] [info] [55324] [PdbHandler.cpp:106] Symbol returning:  ??_C@_00CNPNBAHC@@_1EB050
[2025-01-12 14:39:53.100] [Global] [info] [55432] [PdbHandler.cpp:193] Attempting to find pdb for c:/program files (x86)/steam/steamapps/common/Skyrim Special Edition/Data/SKSE/Plugins/AchievementInjector.dll+0254870 with path Data/SKSE/Plugins
[2025-01-12 14:39:53.103] [Global] [info] [55432] [PdbHandler.cpp:207] Successfully opened pdb for dll c:/program files (x86)/steam/steamapps/common/Skyrim Special Edition/Data/SKSE/Plugins/AchievementInjector.dll+0254870
[2025-01-12 14:39:53.107] [Global] [info] [55432] [PdbHandler.cpp:106] Symbol returning:  ?singleton@?1??GetSingleton@?$ISingleton@VSerializer@@@@SAPEAVSerializer@@XZ@4V3@A_254870
[2025-01-12 14:39:53.107] [Global] [info] [54724] [PdbHandler.cpp:193] Attempting to find pdb for c:/program files (x86)/steam/steamapps/common/Skyrim Special Edition/Data/SKSE/Plugins/AchievementInjector.dll+00ADA9A with path Data/SKSE/Plugins
[2025-01-12 14:39:53.111] [Global] [info] [54724] [PdbHandler.cpp:207] Successfully opened pdb for dll c:/program files (x86)/steam/steamapps/common/Skyrim Special Edition/Data/SKSE/Plugins/AchievementInjector.dll+00ADA9A
[2025-01-12 14:39:53.117] [Global] [info] [54724] [PdbHandler.cpp:106] Symbol returning:  C:\Users\Simone\Documents\GitHub\Achievement Injector\src\Serializer.cpp:153 ?DeserializeAchievementData_GLOBAL@Serializer@@QEAA?AUSerializedAchievement@@V?$basic_string@DU?$char_traits@D@std@@V?$allocator@D@2@@std@@@Z
[2025-01-12 14:39:53.117] [Global] [info] [55300] [PdbHandler.cpp:193] Attempting to find pdb for c:/program files (x86)/steam/steamapps/common/Skyrim Special Edition/Data/SKSE/Plugins/AchievementInjector.dll+00ACC8F with path Data/SKSE/Plugins
[2025-01-12 14:39:53.120] [Global] [info] [55300] [PdbHandler.cpp:207] Successfully opened pdb for dll c:/program files (x86)/steam/steamapps/common/Skyrim Special Edition/Data/SKSE/Plugins/AchievementInjector.dll+00ACC8F
[2025-01-12 14:39:53.125] [Global] [info] [55300] [PdbHandler.cpp:106] Symbol returning:  C:\Users\Simone\Documents\GitHub\Achievement Injector\src\Serializer.cpp:123 ?DeserializeAchievementData@Serializer@@QEAA?AUSerializedAchievement@@V?$basic_string@DU?$char_traits@D@std@@V?$allocator@D@2@@std@@@Z
[2025-01-12 14:39:53.125] [Global] [info] [55328] [PdbHandler.cpp:193] Attempting to find pdb for c:/program files (x86)/steam/steamapps/common/Skyrim Special Edition/Data/SKSE/Plugins/AchievementInjector.dll+0254870 with path Data/SKSE/Plugins
[2025-01-12 14:39:53.128] [Global] [info] [55328] [PdbHandler.cpp:207] Successfully opened pdb for dll c:/program files (x86)/steam/steamapps/common/Skyrim Special Edition/Data/SKSE/Plugins/AchievementInjector.dll+0254870
[2025-01-12 14:39:53.132] [Global] [info] [55328] [PdbHandler.cpp:106] Symbol returning:  ?singleton@?1??GetSingleton@?$ISingleton@VSerializer@@@@SAPEAVSerializer@@XZ@4V3@A_254870
[2025-01-12 14:39:53.133] [Global] [info] [54880] [PdbHandler.cpp:193] Attempting to find pdb for c:/program files (x86)/steam/steamapps/common/Skyrim Special Edition/Data/SKSE/Plugins/AchievementInjector.dll+02548A0 with path Data/SKSE/Plugins
[2025-01-12 14:39:53.135] [Global] [info] [54880] [PdbHandler.cpp:207] Successfully opened pdb for dll c:/program files (x86)/steam/steamapps/common/Skyrim Special Edition/Data/SKSE/Plugins/AchievementInjector.dll+02548A0
[2025-01-12 14:39:53.139] [Global] [info] [54880] [PdbHandler.cpp:106] Symbol returning:  ?singleton@?1??GetSingleton@?$ISingleton@VAchievementManager@@@@SAPEAVAchievementManager@@XZ@4V3@A_2548A0
[2025-01-12 14:39:53.139] [Global] [info] [55316] [PdbHandler.cpp:193] Attempting to find pdb for c:/program files (x86)/steam/steamapps/common/Skyrim Special Edition/Data/SKSE/Plugins/AchievementInjector.dll+0254870 with path Data/SKSE/Plugins
[2025-01-12 14:39:53.142] [Global] [info] [55316] [PdbHandler.cpp:207] Successfully opened pdb for dll c:/program files (x86)/steam/steamapps/common/Skyrim Special Edition/Data/SKSE/Plugins/AchievementInjector.dll+0254870
[2025-01-12 14:39:53.147] [Global] [info] [55316] [PdbHandler.cpp:106] Symbol returning:  ?singleton@?1??GetSingleton@?$ISingleton@VSerializer@@@@SAPEAVSerializer@@XZ@4V3@A_254870
[2025-01-12 14:39:53.147] [Global] [info] [55320] [PdbHandler.cpp:193] Attempting to find pdb for c:/program files (x86)/steam/steamapps/common/Skyrim Special Edition/Data/SKSE/Plugins/AchievementInjector.dll+01BFAC8 with path Data/SKSE/Plugins
[2025-01-12 14:39:53.150] [Global] [info] [55320] [PdbHandler.cpp:207] Successfully opened pdb for dll c:/program files (x86)/steam/steamapps/common/Skyrim Special Edition/Data/SKSE/Plugins/AchievementInjector.dll+01BFAC8
[2025-01-12 14:39:53.154] [Global] [info] [55320] [PdbHandler.cpp:106] Symbol returning:  ??_7?$basic_filebuf@DU?$char_traits@D@std@@@std@@6B@_1BFAC8
[2025-01-12 14:39:53.155] [Global] [info] [48496] [PdbHandler.cpp:193] Attempting to find pdb for C:/WINDOWS/System32/ucrtbase.dll+01370B0 with path Data/SKSE/Plugins
[2025-01-12 14:39:53.155] [Global] [info] [48496] [PdbHandler.cpp:197] Failed to open pdb for dll C:/WINDOWS/System32/ucrtbase.dll+01370B0	Unable to locate PDB
[2025-01-12 14:39:53.155] [Global] [info] [55304] [PdbHandler.cpp:193] Attempting to find pdb for C:/WINDOWS/SYSTEM32/ntdll.dll+00278B4 with path Data/SKSE/Plugins
[2025-01-12 14:39:53.156] [Global] [info] [55304] [PdbHandler.cpp:197] Failed to open pdb for dll C:/WINDOWS/SYSTEM32/ntdll.dll+00278B4	Unable to locate PDB
[2025-01-12 14:39:53.156] [Global] [info] [55312] [PdbHandler.cpp:193] Attempting to find pdb for C:/WINDOWS/SYSTEM32/ntdll.dll+0027776 with path Data/SKSE/Plugins
[2025-01-12 14:39:53.156] [Global] [info] [55312] [PdbHandler.cpp:197] Failed to open pdb for dll C:/WINDOWS/SYSTEM32/ntdll.dll+0027776	Unable to locate PDB
[2025-01-12 14:39:53.157] [Global] [info] [55308] [PdbHandler.cpp:193] Attempting to find pdb for C:/WINDOWS/SYSTEM32/ntdll.dll+00278B4 with path Data/SKSE/Plugins
[2025-01-12 14:39:53.158] [Global] [info] [55308] [PdbHandler.cpp:197] Failed to open pdb for dll C:/WINDOWS/SYSTEM32/ntdll.dll+00278B4	Unable to locate PDB
[2025-01-12 14:39:53.158] [Global] [info] [55332] [PdbHandler.cpp:193] Attempting to find pdb for C:/WINDOWS/SYSTEM32/ntdll.dll+0027776 with path Data/SKSE/Plugins
[2025-01-12 14:39:53.158] [Global] [info] [55332] [PdbHandler.cpp:197] Failed to open pdb for dll C:/WINDOWS/SYSTEM32/ntdll.dll+0027776	Unable to locate PDB
[2025-01-12 14:39:53.159] [Global] [info] [55324] [PdbHandler.cpp:193] Attempting to find pdb for C:/WINDOWS/System32/ucrtbase.dll+01388B0 with path Data/SKSE/Plugins
[2025-01-12 14:39:53.159] [Global] [info] [55324] [PdbHandler.cpp:197] Failed to open pdb for dll C:/WINDOWS/System32/ucrtbase.dll+01388B0	Unable to locate PDB
[2025-01-12 14:39:53.160] [Global] [info] [55432] [PdbHandler.cpp:193] Attempting to find pdb for C:/WINDOWS/System32/ucrtbase.dll+0027F19 with path Data/SKSE/Plugins
[2025-01-12 14:39:53.160] [Global] [info] [55432] [PdbHandler.cpp:197] Failed to open pdb for dll C:/WINDOWS/System32/ucrtbase.dll+0027F19	Unable to locate PDB
[2025-01-12 14:39:53.161] [Global] [info] [54724] [PdbHandler.cpp:193] Attempting to find pdb for c:/program files (x86)/steam/steamapps/common/Skyrim Special Edition/Data/SKSE/Plugins/AchievementInjector.dll+01A6E97 with path Data/SKSE/Plugins
[2025-01-12 14:39:53.164] [Global] [info] [54724] [PdbHandler.cpp:207] Successfully opened pdb for dll c:/program files (x86)/steam/steamapps/common/Skyrim Special Edition/Data/SKSE/Plugins/AchievementInjector.dll+01A6E97
[2025-01-12 14:39:53.168] [Global] [info] [54724] [PdbHandler.cpp:106] Symbol returning:  D:\a\_work\1\s\src\vctools\crt\vcstartup\src\heap\new_scalar.cpp:36 ??2@YAPEAX_K@Z
[2025-01-12 14:39:53.169] [Global] [info] [55300] [PdbHandler.cpp:193] Attempting to find pdb for c:/program files (x86)/steam/steamapps/common/Skyrim Special Edition/Data/SKSE/Plugins/AchievementInjector.dll+000BC4B with path Data/SKSE/Plugins
[2025-01-12 14:39:53.172] [Global] [info] [55300] [PdbHandler.cpp:207] Successfully opened pdb for dll c:/program files (x86)/steam/steamapps/common/Skyrim Special Edition/Data/SKSE/Plugins/AchievementInjector.dll+000BC4B
[2025-01-12 14:39:53.178] [Global] [info] [55300] [PdbHandler.cpp:106] Symbol returning:  C:\Users\Simone\Documents\GitHub\Achievement Injector\src\Achievement.cpp:398 ?ToString@Achievement@@QEAA?AV?$basic_string@DU?$char_traits@D@std@@V?$allocator@D@2@@std@@XZ
[2025-01-12 14:39:53.178] [Global] [info] [55328] [PdbHandler.cpp:193] Attempting to find pdb for C:/WINDOWS/System32/ucrtbase.dll+0027F19 with path Data/SKSE/Plugins
[2025-01-12 14:39:53.179] [Global] [info] [55328] [PdbHandler.cpp:197] Failed to open pdb for dll C:/WINDOWS/System32/ucrtbase.dll+0027F19	Unable to locate PDB
[2025-01-12 14:39:53.179] [Global] [info] [54880] [PdbHandler.cpp:193] Attempting to find pdb for C:/WINDOWS/System32/ucrtbase.dll+01388B0 with path Data/SKSE/Plugins
[2025-01-12 14:39:53.180] [Global] [info] [54880] [PdbHandler.cpp:197] Failed to open pdb for dll C:/WINDOWS/System32/ucrtbase.dll+01388B0	Unable to locate PDB
[2025-01-12 14:39:53.180] [Global] [info] [55316] [PdbHandler.cpp:193] Attempting to find pdb for C:/WINDOWS/System32/ucrtbase.dll+0026BD9 with path Data/SKSE/Plugins
[2025-01-12 14:39:53.180] [Global] [info] [55316] [PdbHandler.cpp:197] Failed to open pdb for dll C:/WINDOWS/System32/ucrtbase.dll+0026BD9	Unable to locate PDB
[2025-01-12 14:39:53.181] [Global] [info] [55320] [PdbHandler.cpp:193] Attempting to find pdb for C:/WINDOWS/System32/ucrtbase.dll+0027F19 with path Data/SKSE/Plugins
[2025-01-12 14:39:53.181] [Global] [info] [55320] [PdbHandler.cpp:197] Failed to open pdb for dll C:/WINDOWS/System32/ucrtbase.dll+0027F19	Unable to locate PDB
[2025-01-12 14:39:53.182] [Global] [info] [48496] [PdbHandler.cpp:193] Attempting to find pdb for c:/program files (x86)/steam/steamapps/common/Skyrim Special Edition/Data/SKSE/Plugins/AchievementInjector.dll+01A6E97 with path Data/SKSE/Plugins
[2025-01-12 14:39:53.184] [Global] [info] [48496] [PdbHandler.cpp:207] Successfully opened pdb for dll c:/program files (x86)/steam/steamapps/common/Skyrim Special Edition/Data/SKSE/Plugins/AchievementInjector.dll+01A6E97
[2025-01-12 14:39:53.190] [Global] [info] [48496] [PdbHandler.cpp:106] Symbol returning:  D:\a\_work\1\s\src\vctools\crt\vcstartup\src\heap\new_scalar.cpp:36 ??2@YAPEAX_K@Z
[2025-01-12 14:39:53.190] [Global] [info] [55304] [PdbHandler.cpp:193] Attempting to find pdb for c:/program files (x86)/steam/steamapps/common/Skyrim Special Edition/Data/SKSE/Plugins/AchievementInjector.dll+007BF1B with path Data/SKSE/Plugins
[2025-01-12 14:39:53.193] [Global] [info] [55304] [PdbHandler.cpp:207] Successfully opened pdb for dll c:/program files (x86)/steam/steamapps/common/Skyrim Special Edition/Data/SKSE/Plugins/AchievementInjector.dll+007BF1B
[2025-01-12 14:39:53.197] [Global] [info] [55304] [PdbHandler.cpp:106] Symbol returning:  C:\Program Files\Microsoft Visual Studio\2022\Community\VC\Tools\MSVC\14.41.34120\include\sstream:332 ?overflow@?$basic_stringbuf@DU?$char_traits@D@std@@V?$allocator@D@2@@std@@MEAAHH@Z
[2025-01-12 14:39:53.198] [Global] [info] [55312] [PdbHandler.cpp:193] Attempting to find pdb for C:/WINDOWS/SYSTEM32/MSVCP140.dll+000E58E with path Data/SKSE/Plugins
[2025-01-12 14:39:53.198] [Global] [info] [55312] [PdbHandler.cpp:197] Failed to open pdb for dll C:/WINDOWS/SYSTEM32/MSVCP140.dll+000E58E	Unable to locate PDB
[2025-01-12 14:39:53.199] [Global] [info] [55308] [PdbHandler.cpp:193] Attempting to find pdb for C:/WINDOWS/SYSTEM32/MSVCP140.dll+000EEDF with path Data/SKSE/Plugins
[2025-01-12 14:39:53.199] [Global] [info] [55308] [PdbHandler.cpp:197] Failed to open pdb for dll C:/WINDOWS/SYSTEM32/MSVCP140.dll+000EEDF	Unable to locate PDB
[2025-01-12 14:39:53.199] [Global] [info] [55332] [PdbHandler.cpp:193] Attempting to find pdb for c:/program files (x86)/steam/steamapps/common/Skyrim Special Edition/Data/SKSE/Plugins/AchievementInjector.dll+02548A0 with path Data/SKSE/Plugins
[2025-01-12 14:39:53.202] [Global] [info] [55332] [PdbHandler.cpp:207] Successfully opened pdb for dll c:/program files (x86)/steam/steamapps/common/Skyrim Special Edition/Data/SKSE/Plugins/AchievementInjector.dll+02548A0
[2025-01-12 14:39:53.206] [Global] [info] [55332] [PdbHandler.cpp:106] Symbol returning:  ?singleton@?1??GetSingleton@?$ISingleton@VAchievementManager@@@@SAPEAVAchievementManager@@XZ@4V3@A_2548A0
[2025-01-12 14:39:53.206] [Global] [info] [55324] [PdbHandler.cpp:193] Attempting to find pdb for C:/WINDOWS/SYSTEM32/ntdll.dll+00278B4 with path Data/SKSE/Plugins
[2025-01-12 14:39:53.207] [Global] [info] [55324] [PdbHandler.cpp:197] Failed to open pdb for dll C:/WINDOWS/SYSTEM32/ntdll.dll+00278B4	Unable to locate PDB
[2025-01-12 14:39:53.207] [Global] [info] [55432] [PdbHandler.cpp:193] Attempting to find pdb for C:/WINDOWS/SYSTEM32/VCRUNTIME140.dll+000561D with path Data/SKSE/Plugins
[2025-01-12 14:39:53.207] [Global] [info] [55432] [PdbHandler.cpp:197] Failed to open pdb for dll C:/WINDOWS/SYSTEM32/VCRUNTIME140.dll+000561D	Unable to locate PDB
[2025-01-12 14:39:53.208] [Global] [info] [54724] [PdbHandler.cpp:193] Attempting to find pdb for C:/WINDOWS/System32/ucrtbase.dll+0047E68 with path Data/SKSE/Plugins
[2025-01-12 14:39:53.208] [Global] [info] [54724] [PdbHandler.cpp:197] Failed to open pdb for dll C:/WINDOWS/System32/ucrtbase.dll+0047E68	Unable to locate PDB
[2025-01-12 14:39:53.208] [Global] [info] [55300] [PdbHandler.cpp:193] Attempting to find pdb for C:/WINDOWS/SYSTEM32/ntdll.dll+0027776 with path Data/SKSE/Plugins
[2025-01-12 14:39:53.209] [Global] [info] [55300] [PdbHandler.cpp:197] Failed to open pdb for dll C:/WINDOWS/SYSTEM32/ntdll.dll+0027776	Unable to locate PDB
[2025-01-12 14:39:53.209] [Global] [info] [55328] [PdbHandler.cpp:193] Attempting to find pdb for c:/program files (x86)/steam/steamapps/common/Skyrim Special Edition/Data/SKSE/Plugins/AchievementInjector.dll+02548A0 with path Data/SKSE/Plugins
[2025-01-12 14:39:53.212] [Global] [info] [55328] [PdbHandler.cpp:207] Successfully opened pdb for dll c:/program files (x86)/steam/steamapps/common/Skyrim Special Edition/Data/SKSE/Plugins/AchievementInjector.dll+02548A0
[2025-01-12 14:39:53.216] [Global] [info] [55328] [PdbHandler.cpp:106] Symbol returning:  ?singleton@?1??GetSingleton@?$ISingleton@VAchievementManager@@@@SAPEAVAchievementManager@@XZ@4V3@A_2548A0
[2025-01-12 14:39:53.216] [Global] [info] [54880] [PdbHandler.cpp:193] Attempting to find pdb for C:/WINDOWS/System32/ucrtbase.dll+000DDAB with path Data/SKSE/Plugins
[2025-01-12 14:39:53.217] [Global] [info] [54880] [PdbHandler.cpp:197] Failed to open pdb for dll C:/WINDOWS/System32/ucrtbase.dll+000DDAB	Unable to locate PDB
[2025-01-12 14:39:53.217] [Global] [info] [55316] [PdbHandler.cpp:193] Attempting to find pdb for C:/WINDOWS/SYSTEM32/MSVCP140.dll+000B0BF with path Data/SKSE/Plugins
[2025-01-12 14:39:53.217] [Global] [info] [55316] [PdbHandler.cpp:197] Failed to open pdb for dll C:/WINDOWS/SYSTEM32/MSVCP140.dll+000B0BF	Unable to locate PDB
[2025-01-12 14:39:53.218] [Global] [info] [55320] [PdbHandler.cpp:193] Attempting to find pdb for c:/program files (x86)/steam/steamapps/common/Skyrim Special Edition/Data/SKSE/Plugins/AchievementInjector.dll+007C581 with path Data/SKSE/Plugins
[2025-01-12 14:39:53.220] [Global] [info] [55320] [PdbHandler.cpp:207] Successfully opened pdb for dll c:/program files (x86)/steam/steamapps/common/Skyrim Special Edition/Data/SKSE/Plugins/AchievementInjector.dll+007C581
[2025-01-12 14:39:53.225] [Global] [info] [55320] [PdbHandler.cpp:106] Symbol returning:  C:\Program Files\Microsoft Visual Studio\2022\Community\VC\Tools\MSVC\14.41.34120\include\sstream:173 ??1?$basic_stringbuf@DU?$char_traits@D@std@@V?$allocator@D@2@@std@@UEAA@XZ C:\Program Files\Microsoft Visual Studio\2022\Community\VC\Tools\MSVC\14.41.34120\include\sstream:797 ??1?$basic_stringbuf@DU?$char_traits@D@std@@V?$allocator@D@2@@std@@UEAA@XZ
[2025-01-12 14:39:53.225] [Global] [info] [48496] [PdbHandler.cpp:193] Attempting to find pdb for c:/program files (x86)/steam/steamapps/common/Skyrim Special Edition/Data/SKSE/Plugins/AchievementInjector.dll+0052D16 with path Data/SKSE/Plugins
[2025-01-12 14:39:53.228] [Global] [info] [48496] [PdbHandler.cpp:207] Successfully opened pdb for dll c:/program files (x86)/steam/steamapps/common/Skyrim Special Edition/Data/SKSE/Plugins/AchievementInjector.dll+0052D16
[2025-01-12 14:39:53.234] [Global] [info] [48496] [PdbHandler.cpp:106] Symbol returning:  C:\Users\Simone\Documents\GitHub\Achievement Injector\build\vcpkg_installed\x64-windows-static-md\include\REL\Module.h:84 ?get@Module@REL@@SAAEAV12@XZ C:\Users\Simone\Documents\GitHub\Achievement Injector\build\vcpkg_installed\x64-windows-static-md\include\REL\Module.h:207 ?get@Module@REL@@SAAEAV12@XZ
[2025-01-12 14:39:53.235] [Global] [info] [55304] [PdbHandler.cpp:193] Attempting to find pdb for C:/WINDOWS/SYSTEM32/MSVCP140.dll+0003558 with path Data/SKSE/Plugins
[2025-01-12 14:39:53.235] [Global] [info] [55304] [PdbHandler.cpp:197] Failed to open pdb for dll C:/WINDOWS/SYSTEM32/MSVCP140.dll+0003558	Unable to locate PDB
[2025-01-12 14:39:53.235] [Global] [info] [55312] [PdbHandler.cpp:193] Attempting to find pdb for c:/program files (x86)/steam/steamapps/common/Skyrim Special Edition/Data/SKSE/Plugins/AchievementInjector.dll+00292AE with path Data/SKSE/Plugins
[2025-01-12 14:39:53.238] [Global] [info] [55312] [PdbHandler.cpp:207] Successfully opened pdb for dll c:/program files (x86)/steam/steamapps/common/Skyrim Special Edition/Data/SKSE/Plugins/AchievementInjector.dll+00292AE
[2025-01-12 14:39:53.244] [Global] [info] [55312] [PdbHandler.cpp:106] Symbol returning:  C:\Users\Simone\Documents\GitHub\Achievement Injector\build\vcpkg_installed\x64-windows-static-md\include\REL\ID.h:201 ?id2offset@IDDatabase@REL@@QEBA_K_K@Z
[2025-01-12 14:39:53.244] [Global] [info] [55308] [PdbHandler.cpp:193] Attempting to find pdb for c:/program files (x86)/steam/steamapps/common/Skyrim Special Edition/Data/SKSE/Plugins/AchievementInjector.dll+00292AE with path Data/SKSE/Plugins
[2025-01-12 14:39:53.247] [Global] [info] [55308] [PdbHandler.cpp:207] Successfully opened pdb for dll c:/program files (x86)/steam/steamapps/common/Skyrim Special Edition/Data/SKSE/Plugins/AchievementInjector.dll+00292AE
[2025-01-12 14:39:53.253] [Global] [info] [55308] [PdbHandler.cpp:106] Symbol returning:  C:\Users\Simone\Documents\GitHub\Achievement Injector\build\vcpkg_installed\x64-windows-static-md\include\REL\ID.h:201 ?id2offset@IDDatabase@REL@@QEBA_K_K@Z
[2025-01-12 14:39:53.254] [Global] [info] [55436] [PdbHandler.cpp:193] Attempting to find pdb for c:/program files (x86)/steam/steamapps/common/Skyrim Special Edition/Data/SKSE/Plugins/AchievementInjector.dll+0029DC6 with path Data/SKSE/Plugins
[2025-01-12 14:39:53.257] [Global] [info] [55436] [PdbHandler.cpp:207] Successfully opened pdb for dll c:/program files (x86)/steam/steamapps/common/Skyrim Special Edition/Data/SKSE/Plugins/AchievementInjector.dll+0029DC6
[2025-01-12 14:39:53.263] [Global] [info] [55436] [PdbHandler.cpp:106] Symbol returning:  C:\Users\Simone\Documents\GitHub\Achievement Injector\build\vcpkg_installed\x64-windows-static-md\include\REL\ID.h:132 ?get@IDDatabase@REL@@SAAEAV12@XZ
[2025-01-12 14:39:53.263] [Global] [info] [55332] [PdbHandler.cpp:193] Attempting to find pdb for c:/program files (x86)/steam/steamapps/common/Skyrim Special Edition/Data/SKSE/Plugins/AchievementInjector.dll+0052D16 with path Data/SKSE/Plugins
[2025-01-12 14:39:53.266] [Global] [info] [55332] [PdbHandler.cpp:207] Successfully opened pdb for dll c:/program files (x86)/steam/steamapps/common/Skyrim Special Edition/Data/SKSE/Plugins/AchievementInjector.dll+0052D16
[2025-01-12 14:39:53.272] [Global] [info] [55332] [PdbHandler.cpp:106] Symbol returning:  C:\Users\Simone\Documents\GitHub\Achievement Injector\build\vcpkg_installed\x64-windows-static-md\include\REL\Module.h:84 ?get@Module@REL@@SAAEAV12@XZ C:\Users\Simone\Documents\GitHub\Achievement Injector\build\vcpkg_installed\x64-windows-static-md\include\REL\Module.h:207 ?get@Module@REL@@SAAEAV12@XZ
[2025-01-12 14:39:53.273] [Global] [info] [55324] [PdbHandler.cpp:193] Attempting to find pdb for c:/program files (x86)/steam/steamapps/common/Skyrim Special Edition/Data/SKSE/Plugins/AchievementInjector.dll+02548A0 with path Data/SKSE/Plugins
[2025-01-12 14:39:53.276] [Global] [info] [55324] [PdbHandler.cpp:207] Successfully opened pdb for dll c:/program files (x86)/steam/steamapps/common/Skyrim Special Edition/Data/SKSE/Plugins/AchievementInjector.dll+02548A0
[2025-01-12 14:39:53.279] [Global] [info] [55324] [PdbHandler.cpp:106] Symbol returning:  ?singleton@?1??GetSingleton@?$ISingleton@VAchievementManager@@@@SAPEAVAchievementManager@@XZ@4V3@A_2548A0
[2025-01-12 14:39:53.280] [Global] [info] [55432] [PdbHandler.cpp:193] Attempting to find pdb for c:/program files (x86)/steam/steamapps/common/Skyrim Special Edition/Data/SKSE/Plugins/AchievementInjector.dll+0054DD0 with path Data/SKSE/Plugins
[2025-01-12 14:39:53.282] [Global] [info] [55432] [PdbHandler.cpp:207] Successfully opened pdb for dll c:/program files (x86)/steam/steamapps/common/Skyrim Special Edition/Data/SKSE/Plugins/AchievementInjector.dll+0054DD0
[2025-01-12 14:39:53.287] [Global] [info] [55432] [PdbHandler.cpp:106] Symbol returning:  C:\Users\Simone\Documents\GitHub\Achievement Injector\src\AchievementManager.cpp:55 ?ToString@AchievementGroup@@QEAA?AV?$basic_string@DU?$char_traits@D@std@@V?$allocator@D@2@@std@@XZ
[2025-01-12 14:39:53.287] [Global] [info] [54724] [PdbHandler.cpp:193] Attempting to find pdb for c:/program files (x86)/steam/steamapps/common/Skyrim Special Edition/Data/SKSE/Plugins/AchievementInjector.dll+02548A0 with path Data/SKSE/Plugins
[2025-01-12 14:39:53.290] [Global] [info] [54724] [PdbHandler.cpp:207] Successfully opened pdb for dll c:/program files (x86)/steam/steamapps/common/Skyrim Special Edition/Data/SKSE/Plugins/AchievementInjector.dll+02548A0
[2025-01-12 14:39:53.294] [Global] [info] [54724] [PdbHandler.cpp:106] Symbol returning:  ?singleton@?1??GetSingleton@?$ISingleton@VAchievementManager@@@@SAPEAVAchievementManager@@XZ@4V3@A_2548A0
[2025-01-12 14:39:53.294] [Global] [info] [54724] [Introspection.cpp:1572] Found unhandled type:	(Sky*)	.?AVSky@@
[2025-01-12 14:39:53.294] [Global] [info] [54724] [Introspection.cpp:1572] Found unhandled type:	(LoadedAreaBound*)	.?AVLoadedAreaBound@@
[2025-01-12 14:39:53.294] [Global] [info] [54724] [Introspection.cpp:1572] Found unhandled type:	(LoadedAreaBound*)	.?AVNiRefObject@@
[2025-01-12 14:39:53.294] [Global] [info] [54724] [Introspection.cpp:1572] Found unhandled type:	(SettingT<INISettingCollection>*)	.?AV?$SettingT@VINISettingCollection@@@@
[2025-01-12 14:39:53.294] [Global] [info] [54724] [Introspection.cpp:1572] Found unhandled type:	(SettingT<INISettingCollection>*)	.?AVSetting@@
[2025-01-12 14:39:53.294] [Global] [info] [54724] [Introspection.cpp:1572] Found unhandled type:	(SettingT<INISettingCollection>*)	.?AV?$SettingT@VINISettingCollection@@@@
[2025-01-12 14:39:53.294] [Global] [info] [54724] [Introspection.cpp:1572] Found unhandled type:	(SettingT<INISettingCollection>*)	.?AVSetting@@
[2025-01-12 14:39:53.294] [Global] [info] [54724] [Introspection.cpp:1572] Found unhandled type:	(SettingT<INISettingCollection>*)	.?AV?$SettingT@VINISettingCollection@@@@
[2025-01-12 14:39:53.294] [Global] [info] [54724] [Introspection.cpp:1572] Found unhandled type:	(SettingT<INISettingCollection>*)	.?AVSetting@@
[2025-01-12 14:39:53.294] [Global] [info] [54724] [Introspection.cpp:1572] Found unhandled type:	(SettingT<INISettingCollection>*)	.?AV?$SettingT@VINISettingCollection@@@@
[2025-01-12 14:39:53.294] [Global] [info] [54724] [Introspection.cpp:1572] Found unhandled type:	(SettingT<INISettingCollection>*)	.?AVSetting@@
[2025-01-12 14:39:53.294] [Global] [info] [54724] [Introspection.cpp:1572] Found unhandled type:	(SettingT<INISettingCollection>*)	.?AV?$SettingT@VINISettingCollection@@@@
[2025-01-12 14:39:53.294] [Global] [info] [54724] [Introspection.cpp:1572] Found unhandled type:	(SettingT<INISettingCollection>*)	.?AVSetting@@
[2025-01-12 14:39:53.294] [Global] [info] [54724] [Introspection.cpp:1572] Found unhandled type:	(SettingT<INISettingCollection>*)	.?AV?$SettingT@VINISettingCollection@@@@
[2025-01-12 14:39:53.294] [Global] [info] [54724] [Introspection.cpp:1572] Found unhandled type:	(SettingT<INISettingCollection>*)	.?AVSetting@@
[2025-01-12 14:39:53.294] [Global] [info] [54724] [Introspection.cpp:1572] Found unhandled type:	(SettingT<INISettingCollection>*)	.?AV?$SettingT@VINISettingCollection@@@@
[2025-01-12 14:39:53.294] [Global] [info] [54724] [Introspection.cpp:1572] Found unhandled type:	(SettingT<INISettingCollection>*)	.?AVSetting@@
[2025-01-12 14:39:53.294] [Global] [info] [54724] [Introspection.cpp:1572] Found unhandled type:	(SettingT<INISettingCollection>*)	.?AV?$SettingT@VINISettingCollection@@@@
[2025-01-12 14:39:53.294] [Global] [info] [54724] [Introspection.cpp:1572] Found unhandled type:	(SettingT<INISettingCollection>*)	.?AVSetting@@
[2025-01-12 14:39:53.294] [Global] [info] [54724] [Introspection.cpp:1572] Found unhandled type:	(SettingT<INISettingCollection>*)	.?AV?$SettingT@VINISettingCollection@@@@
[2025-01-12 14:39:53.294] [Global] [info] [54724] [Introspection.cpp:1572] Found unhandled type:	(SettingT<INISettingCollection>*)	.?AVSetting@@
[2025-01-12 14:39:53.294] [Global] [info] [54724] [Introspection.cpp:1572] Found unhandled type:	(SettingT<INISettingCollection>*)	.?AV?$SettingT@VINISettingCollection@@@@
[2025-01-12 14:39:53.294] [Global] [info] [54724] [Introspection.cpp:1572] Found unhandled type:	(SettingT<INISettingCollection>*)	.?AVSetting@@
[2025-01-12 14:39:53.294] [Global] [info] [55300] [PdbHandler.cpp:193] Attempting to find pdb for c:/program files (x86)/steam/steamapps/common/Skyrim Special Edition/Data/SKSE/Plugins/AchievementInjector.dll+00557EB with path Data/SKSE/Plugins
[2025-01-12 14:39:53.297] [Global] [info] [55300] [PdbHandler.cpp:207] Successfully opened pdb for dll c:/program files (x86)/steam/steamapps/common/Skyrim Special Edition/Data/SKSE/Plugins/AchievementInjector.dll+00557EB
[2025-01-12 14:39:53.301] [Global] [info] [55300] [PdbHandler.cpp:106] Symbol returning:  C:\Users\Simone\Documents\GitHub\Achievement Injector\src\AchievementManager.cpp:103 ?ToString@AchievementManager@@QEAA?AV?$basic_string@DU?$char_traits@D@std@@V?$allocator@D@2@@std@@XZ
[2025-01-12 14:39:53.301] [Global] [info] [55300] [Introspection.cpp:1572] Found unhandled type:	(InitTESThread*)	.?AVInitTESThread@@
[2025-01-12 14:39:53.301] [Global] [info] [55300] [Introspection.cpp:1572] Found unhandled type:	(InitTESThread*)	.?AVBSThread@@
[2025-01-12 14:39:53.301] [Global] [info] [55300] [Introspection.cpp:1572] Found unhandled type:	(InitTESThread*)	.?AVInitTESThread@@
[2025-01-12 14:39:53.301] [Global] [info] [55300] [Introspection.cpp:1572] Found unhandled type:	(InitTESThread*)	.?AVBSThread@@
[2025-01-12 14:39:53.301] [Global] [info] [55328] [PdbHandler.cpp:193] Attempting to find pdb for c:/program files (x86)/steam/steamapps/common/Skyrim Special Edition/SkyrimSE.exe+0CED9A0 with path Data/SKSE/Plugins
[2025-01-12 14:39:53.302] [Global] [info] [55328] [PdbHandler.cpp:197] Failed to open pdb for dll c:/program files (x86)/steam/steamapps/common/Skyrim Special Edition/SkyrimSE.exe+0CED9A0	Unable to locate PDB
[2025-01-12 14:39:53.302] [Global] [info] [54880] [PdbHandler.cpp:193] Attempting to find pdb for c:/program files (x86)/steam/steamapps/common/Skyrim Special Edition/Data/SKSE/Plugins/AchievementInjector.dll+00558FA with path Data/SKSE/Plugins
[2025-01-12 14:39:53.305] [Global] [info] [54880] [PdbHandler.cpp:207] Successfully opened pdb for dll c:/program files (x86)/steam/steamapps/common/Skyrim Special Edition/Data/SKSE/Plugins/AchievementInjector.dll+00558FA
[2025-01-12 14:39:53.309] [Global] [info] [54880] [PdbHandler.cpp:106] Symbol returning:  C:\Users\Simone\Documents\GitHub\Achievement Injector\src\AchievementManager.cpp:109 ?UpdateCache@AchievementManager@@QEAAXXZ
[2025-01-12 14:39:53.309] [Global] [info] [54880] [Introspection.cpp:1572] Found unhandled type:	(InitTESThread*)	.?AVInitTESThread@@
[2025-01-12 14:39:53.309] [Global] [info] [54880] [Introspection.cpp:1572] Found unhandled type:	(InitTESThread*)	.?AVBSThread@@
[2025-01-12 14:39:53.309] [Global] [info] [55316] [PdbHandler.cpp:193] Attempting to find pdb for c:/program files (x86)/steam/steamapps/common/Skyrim Special Edition/Data/SKSE/Plugins/AchievementInjector.dll+0052D16 with path Data/SKSE/Plugins
[2025-01-12 14:39:53.312] [Global] [info] [55316] [PdbHandler.cpp:207] Successfully opened pdb for dll c:/program files (x86)/steam/steamapps/common/Skyrim Special Edition/Data/SKSE/Plugins/AchievementInjector.dll+0052D16
[2025-01-12 14:39:53.319] [Global] [info] [55316] [PdbHandler.cpp:106] Symbol returning:  C:\Users\Simone\Documents\GitHub\Achievement Injector\build\vcpkg_installed\x64-windows-static-md\include\REL\Module.h:84 ?get@Module@REL@@SAAEAV12@XZ C:\Users\Simone\Documents\GitHub\Achievement Injector\build\vcpkg_installed\x64-windows-static-md\include\REL\Module.h:207 ?get@Module@REL@@SAAEAV12@XZ
[2025-01-12 14:39:53.319] [Global] [info] [55320] [PdbHandler.cpp:193] Attempting to find pdb for c:/program files (x86)/steam/steamapps/common/Skyrim Special Edition/Data/SKSE/Plugins/AchievementInjector.dll+02548A0 with path Data/SKSE/Plugins
[2025-01-12 14:39:53.322] [Global] [info] [55320] [PdbHandler.cpp:207] Successfully opened pdb for dll c:/program files (x86)/steam/steamapps/common/Skyrim Special Edition/Data/SKSE/Plugins/AchievementInjector.dll+02548A0
[2025-01-12 14:39:53.326] [Global] [info] [55320] [PdbHandler.cpp:106] Symbol returning:  ?singleton@?1??GetSingleton@?$ISingleton@VAchievementManager@@@@SAPEAVAchievementManager@@XZ@4V3@A_2548A0
[2025-01-12 14:39:53.326] [Global] [info] [48496] [PdbHandler.cpp:193] Attempting to find pdb for c:/program files (x86)/steam/steamapps/common/Skyrim Special Edition/Data/SKSE/Plugins/AchievementInjector.dll+00A27C7 with path Data/SKSE/Plugins
[2025-01-12 14:39:53.329] [Global] [info] [48496] [PdbHandler.cpp:207] Successfully opened pdb for dll c:/program files (x86)/steam/steamapps/common/Skyrim Special Edition/Data/SKSE/Plugins/AchievementInjector.dll+00A27C7
[2025-01-12 14:39:53.334] [Global] [info] [48496] [PdbHandler.cpp:106] Symbol returning:  C:\Users\Simone\Documents\GitHub\Achievement Injector\src\Plugin.cpp:146 ?MessageHandler@@YAXPEAUMessage@MessagingInterface@SKSE@@@Z
[2025-01-12 14:39:53.334] [Global] [info] [55304] [PdbHandler.cpp:193] Attempting to find pdb for c:/program files (x86)/steam/steamapps/common/Skyrim Special Edition/skse64_1_6_1170.dll+009D84D with path Data/SKSE/Plugins
[2025-01-12 14:39:53.334] [Global] [info] [55304] [PdbHandler.cpp:197] Failed to open pdb for dll c:/program files (x86)/steam/steamapps/common/Skyrim Special Edition/skse64_1_6_1170.dll+009D84D	Unable to locate PDB
[2025-01-12 14:39:53.335] [Global] [info] [55312] [PdbHandler.cpp:193] Attempting to find pdb for c:/program files (x86)/steam/steamapps/common/Skyrim Special Edition/skse64_1_6_1170.dll+009D357 with path Data/SKSE/Plugins
[2025-01-12 14:39:53.335] [Global] [info] [55312] [PdbHandler.cpp:197] Failed to open pdb for dll c:/program files (x86)/steam/steamapps/common/Skyrim Special Edition/skse64_1_6_1170.dll+009D357	Unable to locate PDB
[2025-01-12 14:39:53.336] [Global] [info] [55308] [PdbHandler.cpp:193] Attempting to find pdb for c:/program files (x86)/steam/steamapps/common/Skyrim Special Edition/skse64_1_6_1170.dll+0082BF2 with path Data/SKSE/Plugins
[2025-01-12 14:39:53.336] [Global] [info] [55308] [PdbHandler.cpp:197] Failed to open pdb for dll c:/program files (x86)/steam/steamapps/common/Skyrim Special Edition/skse64_1_6_1170.dll+0082BF2	Unable to locate PDB
[2025-01-12 14:39:53.336] [Global] [info] [55436] [PdbHandler.cpp:193] Attempting to find pdb for c:/program files (x86)/steam/steamapps/common/Skyrim Special Edition/SkyrimSE.exe+064AC23 with path Data/SKSE/Plugins
[2025-01-12 14:39:53.337] [Global] [info] [55436] [PdbHandler.cpp:197] Failed to open pdb for dll c:/program files (x86)/steam/steamapps/common/Skyrim Special Edition/SkyrimSE.exe+064AC23	Unable to locate PDB
[2025-01-12 14:39:53.337] [Global] [info] [55332] [PdbHandler.cpp:193] Attempting to find pdb for c:/program files (x86)/steam/steamapps/common/Skyrim Special Edition/Data/SKSE/Plugins/AchievementInjector.dll+0029EAE with path Data/SKSE/Plugins
[2025-01-12 14:39:53.340] [Global] [info] [55332] [PdbHandler.cpp:207] Successfully opened pdb for dll c:/program files (x86)/steam/steamapps/common/Skyrim Special Edition/Data/SKSE/Plugins/AchievementInjector.dll+0029EAE
[2025-01-12 14:39:53.346] [Global] [info] [55332] [PdbHandler.cpp:106] Symbol returning:  C:\Users\Simone\Documents\GitHub\Achievement Injector\build\vcpkg_installed\x64-windows-static-md\include\REL\ID.h:501 ?offset@RelocationID@REL@@QEBA_KXZ
[2025-01-12 14:39:53.347] [Global] [info] [55324] [PdbHandler.cpp:193] Attempting to find pdb for c:/program files (x86)/steam/steamapps/common/Skyrim Special Edition/skse64_1_6_1170.dll+000A6B8 with path Data/SKSE/Plugins
[2025-01-12 14:39:53.347] [Global] [info] [55324] [PdbHandler.cpp:197] Failed to open pdb for dll c:/program files (x86)/steam/steamapps/common/Skyrim Special Edition/skse64_1_6_1170.dll+000A6B8	Unable to locate PDB
[2025-01-12 14:39:53.347] [Global] [info] [55432] [PdbHandler.cpp:193] Attempting to find pdb for c:/program files (x86)/steam/steamapps/common/Skyrim Special Edition/SkyrimSE.exe+0642FCC with path Data/SKSE/Plugins
[2025-01-12 14:39:53.348] [Global] [info] [55432] [PdbHandler.cpp:197] Failed to open pdb for dll c:/program files (x86)/steam/steamapps/common/Skyrim Special Edition/SkyrimSE.exe+0642FCC	Unable to locate PDB
[2025-01-12 14:39:53.348] [Global] [info] [54724] [PdbHandler.cpp:193] Attempting to find pdb for c:/program files (x86)/steam/steamapps/common/Skyrim Special Edition/SkyrimSE.exe+064C5BC with path Data/SKSE/Plugins
[2025-01-12 14:39:53.348] [Global] [info] [54724] [PdbHandler.cpp:197] Failed to open pdb for dll c:/program files (x86)/steam/steamapps/common/Skyrim Special Edition/SkyrimSE.exe+064C5BC	Unable to locate PDB
[2025-01-12 14:39:53.349] [Global] [info] [55300] [PdbHandler.cpp:193] Attempting to find pdb for c:/program files (x86)/steam/steamapps/common/Skyrim Special Edition/SkyrimSE.exe+0CD0DBD with path Data/SKSE/Plugins
[2025-01-12 14:39:53.349] [Global] [info] [55300] [PdbHandler.cpp:197] Failed to open pdb for dll c:/program files (x86)/steam/steamapps/common/Skyrim Special Edition/SkyrimSE.exe+0CD0DBD	Unable to locate PDB
[2025-01-12 14:39:53.350] [Global] [info] [55328] [PdbHandler.cpp:193] Attempting to find pdb for c:/program files (x86)/steam/steamapps/common/Skyrim Special Edition/SkyrimSE.exe+31CC370 with path Data/SKSE/Plugins
[2025-01-12 14:39:53.350] [Global] [info] [55328] [PdbHandler.cpp:197] Failed to open pdb for dll c:/program files (x86)/steam/steamapps/common/Skyrim Special Edition/SkyrimSE.exe+31CC370	Unable to locate PDB
[2025-01-12 14:39:53.350] [Global] [info] [55328] [Introspection.cpp:1572] Found unhandled type:	(InitTESThread*)	.?AVInitTESThread@@
[2025-01-12 14:39:53.350] [Global] [info] [55328] [Introspection.cpp:1572] Found unhandled type:	(InitTESThread*)	.?AVBSThread@@
[2025-01-12 14:39:53.350] [Global] [info] [54880] [PdbHandler.cpp:193] Attempting to find pdb for C:/WINDOWS/System32/KERNEL32.DLL+002E8D7 with path Data/SKSE/Plugins
[2025-01-12 14:39:53.350] [Global] [info] [54880] [PdbHandler.cpp:197] Failed to open pdb for dll C:/WINDOWS/System32/KERNEL32.DLL+002E8D7	Unable to locate PDB
[2025-01-12 14:39:53.351] [Global] [info] [55316] [PdbHandler.cpp:193] Attempting to find pdb for C:/WINDOWS/SYSTEM32/ntdll.dll+00DFBCC with path Data/SKSE/Plugins
[2025-01-12 14:39:53.351] [Global] [info] [55316] [PdbHandler.cpp:197] Failed to open pdb for dll C:/WINDOWS/SYSTEM32/ntdll.dll+00DFBCC	Unable to locate PDB
[2025-01-12 14:39:53.352] [Global] [info] [55320] [PdbHandler.cpp:193] Attempting to find pdb for C:/WINDOWS/System32/KERNELBASE.dll+011D2E0 with path Data/SKSE/Plugins
[2025-01-12 14:39:53.352] [Global] [info] [55320] [PdbHandler.cpp:197] Failed to open pdb for dll C:/WINDOWS/System32/KERNELBASE.dll+011D2E0	Unable to locate PDB
